<?xml version="1.0" encoding="UTF-8"?>
<!-- Generated by org.testng.reporters.JUnitReportReporter -->
<testsuite hostname="LAPTOP-NB7G8SV3" failures="0" tests="1" name="org.last.fm.LoginTest" time="27.728" errors="0" timestamp="2023-04-29T21:50:25 IST" skipped="0">
  <testcase classname="org.last.fm.LoginTest" name="loginVerification" time="27.728"/>
  <system-out/>
</testsuite> <!-- org.last.fm.LoginTest -->
