<?xml version="1.0" encoding="UTF-8"?>
<!-- Generated by org.testng.reporters.JUnitReportReporter -->
<testsuite hostname="LAPTOP-NB7G8SV3" failures="0" tests="1" name="org.last.fm.AddPlaylistTest" time="16.494" errors="0" timestamp="2023-04-29T21:50:24 IST" skipped="0">
  <testcase classname="org.last.fm.AddPlaylistTest" name="addplaylist" time="16.494"/>
  <system-out/>
</testsuite> <!-- org.last.fm.AddPlaylistTest -->
